[debug] [2024-12-28T09:37:04.843Z] ----------------------------------------------------------------------
[debug] [2024-12-28T09:37:04.845Z] Command:       /Users/nelson/.volta/tools/image/node/20.18.1/bin/node /Users/nelson/.volta/tools/image/packages/firebase-tools/bin/firebase deploy --only functions
[debug] [2024-12-28T09:37:04.846Z] CLI Version:   13.29.1
[debug] [2024-12-28T09:37:04.846Z] Platform:      darwin
[debug] [2024-12-28T09:37:04.846Z] Node Version:  v20.18.1
[debug] [2024-12-28T09:37:04.846Z] Time:          Sat Dec 28 2024 09:37:04 GMT+0000 (Greenwich Mean Time)
[debug] [2024-12-28T09:37:04.846Z] ----------------------------------------------------------------------
[debug] 
[debug] [2024-12-28T09:37:04.886Z] > command requires scopes: ["email","openid","https://www.googleapis.com/auth/cloudplatformprojects.readonly","https://www.googleapis.com/auth/firebase","https://www.googleapis.com/auth/cloud-platform"]
[debug] [2024-12-28T09:37:04.886Z] > authorizing via signed-in user (nelson@spherepay.co)
[debug] [2024-12-28T09:37:04.886Z] [iam] checking project sphere-labs-production for permissions ["cloudfunctions.functions.create","cloudfunctions.functions.delete","cloudfunctions.functions.get","cloudfunctions.functions.list","cloudfunctions.functions.update","cloudfunctions.operations.get","firebase.projects.get"]
[debug] [2024-12-28T09:37:04.887Z] Checked if tokens are valid: true, expires at: 1735381557256
[debug] [2024-12-28T09:37:04.887Z] Checked if tokens are valid: true, expires at: 1735381557256
[debug] [2024-12-28T09:37:04.887Z] >>> [apiv2][query] POST https://cloudresourcemanager.googleapis.com/v1/projects/sphere-labs-production:testIamPermissions [none]
[debug] [2024-12-28T09:37:04.887Z] >>> [apiv2][(partial)header] POST https://cloudresourcemanager.googleapis.com/v1/projects/sphere-labs-production:testIamPermissions x-goog-quota-user=projects/sphere-labs-production
[debug] [2024-12-28T09:37:04.887Z] >>> [apiv2][body] POST https://cloudresourcemanager.googleapis.com/v1/projects/sphere-labs-production:testIamPermissions {"permissions":["cloudfunctions.functions.create","cloudfunctions.functions.delete","cloudfunctions.functions.get","cloudfunctions.functions.list","cloudfunctions.functions.update","cloudfunctions.operations.get","firebase.projects.get"]}
[debug] [2024-12-28T09:37:05.547Z] <<< [apiv2][status] POST https://cloudresourcemanager.googleapis.com/v1/projects/sphere-labs-production:testIamPermissions 200
[debug] [2024-12-28T09:37:05.548Z] <<< [apiv2][body] POST https://cloudresourcemanager.googleapis.com/v1/projects/sphere-labs-production:testIamPermissions {"permissions":["cloudfunctions.functions.create","cloudfunctions.functions.delete","cloudfunctions.functions.get","cloudfunctions.functions.list","cloudfunctions.functions.update","cloudfunctions.operations.get","firebase.projects.get"]}
[debug] [2024-12-28T09:37:05.548Z] Checked if tokens are valid: true, expires at: 1735381557256
[debug] [2024-12-28T09:37:05.548Z] Checked if tokens are valid: true, expires at: 1735381557256
[debug] [2024-12-28T09:37:05.549Z] >>> [apiv2][query] POST https://iam.googleapis.com/v1/projects/sphere-labs-production/serviceAccounts/sphere-labs-production@appspot.gserviceaccount.com:testIamPermissions [none]
[debug] [2024-12-28T09:37:05.549Z] >>> [apiv2][body] POST https://iam.googleapis.com/v1/projects/sphere-labs-production/serviceAccounts/sphere-labs-production@appspot.gserviceaccount.com:testIamPermissions {"permissions":["iam.serviceAccounts.actAs"]}
[debug] [2024-12-28T09:37:06.189Z] <<< [apiv2][status] POST https://iam.googleapis.com/v1/projects/sphere-labs-production/serviceAccounts/sphere-labs-production@appspot.gserviceaccount.com:testIamPermissions 200
[debug] [2024-12-28T09:37:06.190Z] <<< [apiv2][body] POST https://iam.googleapis.com/v1/projects/sphere-labs-production/serviceAccounts/sphere-labs-production@appspot.gserviceaccount.com:testIamPermissions {"permissions":["iam.serviceAccounts.actAs"]}
[info] 
[info] === Deploying to 'sphere-labs-production'...
[info] 
[info] i  deploying functions 
[info] Running command: npm --prefix "$RESOURCE_DIR" run lint
[info] Running command: npm --prefix "$RESOURCE_DIR" run build
[info] ✔  functions: Finished running predeploy script. 
[debug] [2024-12-28T09:37:09.393Z] Checked if tokens are valid: true, expires at: 1735381557256
[debug] [2024-12-28T09:37:09.393Z] Checked if tokens are valid: true, expires at: 1735381557256
[debug] [2024-12-28T09:37:09.393Z] >>> [apiv2][query] GET https://cloudresourcemanager.googleapis.com/v1/projects/sphere-labs-production [none]
[debug] [2024-12-28T09:37:09.570Z] <<< [apiv2][status] GET https://cloudresourcemanager.googleapis.com/v1/projects/sphere-labs-production 200
[debug] [2024-12-28T09:37:09.570Z] <<< [apiv2][body] GET https://cloudresourcemanager.googleapis.com/v1/projects/sphere-labs-production {"projectNumber":"714305909319","projectId":"sphere-labs-production","lifecycleState":"ACTIVE","name":"sphere-labs-production","labels":{"firebase":"enabled"},"createTime":"2023-03-17T18:53:12.319090Z","parent":{"type":"organization","id":"687008366181"}}
[info] i  functions: preparing codebase default for deployment 
[info] i  functions: ensuring required API cloudfunctions.googleapis.com is enabled... 
[debug] [2024-12-28T09:37:09.572Z] Checked if tokens are valid: true, expires at: 1735381557256
[debug] [2024-12-28T09:37:09.572Z] Checked if tokens are valid: true, expires at: 1735381557256
[debug] [2024-12-28T09:37:09.572Z] Checked if tokens are valid: true, expires at: 1735381557256
[debug] [2024-12-28T09:37:09.572Z] Checked if tokens are valid: true, expires at: 1735381557256
[info] i  functions: ensuring required API cloudbuild.googleapis.com is enabled... 
[debug] [2024-12-28T09:37:09.572Z] Checked if tokens are valid: true, expires at: 1735381557256
[debug] [2024-12-28T09:37:09.572Z] Checked if tokens are valid: true, expires at: 1735381557256
[info] i  artifactregistry: ensuring required API artifactregistry.googleapis.com is enabled... 
[debug] [2024-12-28T09:37:09.572Z] Checked if tokens are valid: true, expires at: 1735381557256
[debug] [2024-12-28T09:37:09.573Z] Checked if tokens are valid: true, expires at: 1735381557256
[debug] [2024-12-28T09:37:09.573Z] >>> [apiv2][query] GET https://serviceusage.googleapis.com/v1/projects/sphere-labs-production/services/cloudfunctions.googleapis.com [none]
[debug] [2024-12-28T09:37:09.573Z] >>> [apiv2][(partial)header] GET https://serviceusage.googleapis.com/v1/projects/sphere-labs-production/services/cloudfunctions.googleapis.com x-goog-quota-user=projects/sphere-labs-production
[debug] [2024-12-28T09:37:09.574Z] >>> [apiv2][query] GET https://serviceusage.googleapis.com/v1/projects/sphere-labs-production/services/runtimeconfig.googleapis.com [none]
[debug] [2024-12-28T09:37:09.574Z] >>> [apiv2][(partial)header] GET https://serviceusage.googleapis.com/v1/projects/sphere-labs-production/services/runtimeconfig.googleapis.com x-goog-quota-user=projects/sphere-labs-production
[debug] [2024-12-28T09:37:09.576Z] >>> [apiv2][query] GET https://serviceusage.googleapis.com/v1/projects/sphere-labs-production/services/cloudbuild.googleapis.com [none]
[debug] [2024-12-28T09:37:09.576Z] >>> [apiv2][(partial)header] GET https://serviceusage.googleapis.com/v1/projects/sphere-labs-production/services/cloudbuild.googleapis.com x-goog-quota-user=projects/sphere-labs-production
[debug] [2024-12-28T09:37:09.577Z] >>> [apiv2][query] GET https://serviceusage.googleapis.com/v1/projects/sphere-labs-production/services/artifactregistry.googleapis.com [none]
[debug] [2024-12-28T09:37:09.577Z] >>> [apiv2][(partial)header] GET https://serviceusage.googleapis.com/v1/projects/sphere-labs-production/services/artifactregistry.googleapis.com x-goog-quota-user=projects/sphere-labs-production
[debug] [2024-12-28T09:37:10.375Z] <<< [apiv2][status] GET https://serviceusage.googleapis.com/v1/projects/sphere-labs-production/services/cloudbuild.googleapis.com 200
[debug] [2024-12-28T09:37:10.376Z] <<< [apiv2][body] GET https://serviceusage.googleapis.com/v1/projects/sphere-labs-production/services/cloudbuild.googleapis.com [omitted]
[info] ✔  functions: required API cloudbuild.googleapis.com is enabled 
[debug] [2024-12-28T09:37:10.390Z] <<< [apiv2][status] GET https://serviceusage.googleapis.com/v1/projects/sphere-labs-production/services/runtimeconfig.googleapis.com 200
[debug] [2024-12-28T09:37:10.390Z] <<< [apiv2][body] GET https://serviceusage.googleapis.com/v1/projects/sphere-labs-production/services/runtimeconfig.googleapis.com [omitted]
[debug] [2024-12-28T09:37:10.397Z] <<< [apiv2][status] GET https://serviceusage.googleapis.com/v1/projects/sphere-labs-production/services/artifactregistry.googleapis.com 200
[debug] [2024-12-28T09:37:10.398Z] <<< [apiv2][body] GET https://serviceusage.googleapis.com/v1/projects/sphere-labs-production/services/artifactregistry.googleapis.com [omitted]
[info] ✔  artifactregistry: required API artifactregistry.googleapis.com is enabled 
[debug] [2024-12-28T09:37:10.406Z] <<< [apiv2][status] GET https://serviceusage.googleapis.com/v1/projects/sphere-labs-production/services/cloudfunctions.googleapis.com 200
[debug] [2024-12-28T09:37:10.406Z] <<< [apiv2][body] GET https://serviceusage.googleapis.com/v1/projects/sphere-labs-production/services/cloudfunctions.googleapis.com [omitted]
[info] ✔  functions: required API cloudfunctions.googleapis.com is enabled 
[debug] [2024-12-28T09:37:10.407Z] Checked if tokens are valid: true, expires at: 1735381557256
[debug] [2024-12-28T09:37:10.407Z] Checked if tokens are valid: true, expires at: 1735381557256
[debug] [2024-12-28T09:37:10.407Z] >>> [apiv2][query] GET https://firebase.googleapis.com/v1beta1/projects/sphere-labs-production/adminSdkConfig [none]
[debug] [2024-12-28T09:37:11.100Z] <<< [apiv2][status] GET https://firebase.googleapis.com/v1beta1/projects/sphere-labs-production/adminSdkConfig 200
[debug] [2024-12-28T09:37:11.100Z] <<< [apiv2][body] GET https://firebase.googleapis.com/v1beta1/projects/sphere-labs-production/adminSdkConfig {"projectId":"sphere-labs-production","databaseURL":"https://sphere-labs-production-default-rtdb.firebaseio.com","storageBucket":"sphere-labs-production.appspot.com","locationId":"us-central"}
[debug] [2024-12-28T09:37:11.101Z] Checked if tokens are valid: true, expires at: 1735381557256
[debug] [2024-12-28T09:37:11.101Z] Checked if tokens are valid: true, expires at: 1735381557256
[debug] [2024-12-28T09:37:11.102Z] >>> [apiv2][query] GET https://runtimeconfig.googleapis.com/v1beta1/projects/sphere-labs-production/configs [none]
[debug] [2024-12-28T09:37:11.379Z] <<< [apiv2][status] GET https://runtimeconfig.googleapis.com/v1beta1/projects/sphere-labs-production/configs 200
[debug] [2024-12-28T09:37:11.380Z] <<< [apiv2][body] GET https://runtimeconfig.googleapis.com/v1beta1/projects/sphere-labs-production/configs {}
[debug] [2024-12-28T09:37:11.384Z] Validating nodejs source
[debug] [2024-12-28T09:37:11.848Z] > [functions] package.json contents: {
  "name": "functions",
  "type": "module",
  "scripts": {
    "lint": "eslint --ext .js,.ts .",
    "build": "tsc",
    "build:watch": "tsc --watch",
    "serve": "npm run build && firebase emulators:start --only functions",
    "serve:watch": "concurrently \"tsc --watch\" \"firebase emulators:start --only functions\"",
    "shell": "npm run build && firebase functions:shell",
    "start": "npm run shell",
    "deploy": "firebase deploy --only functions",
    "logs": "firebase functions:log"
  },
  "engines": {
    "node": "20"
  },
  "main": "lib/index.js",
  "dependencies": {
    "@solana-program/token": "^0.4.1",
    "@solana/web3.js": "^2.0.0",
    "axios": "^1.7.9",
    "big.js": "^6.2.2",
    "firebase-admin": "^12.6.0",
    "firebase-functions": "^6.0.1",
    "qrcode": "^1.5.4"
  },
  "devDependencies": {
    "@types/big.js": "^6.2.2",
    "@types/qrcode": "^1.5.5",
    "@typescript-eslint/eslint-plugin": "^5.12.0",
    "@typescript-eslint/parser": "^5.12.0",
    "concurrently": "^9.1.1",
    "eslint": "^8.9.0",
    "eslint-config-google": "^0.14.0",
    "eslint-plugin-import": "^2.25.4",
    "express": "^4.21.2",
    "firebase-functions-test": "^3.1.0",
    "typescript": "<5.2.0"
  },
  "private": true
}
[debug] [2024-12-28T09:37:11.849Z] Building nodejs source
[info] i  functions: Loading and analyzing source code for codebase default to determine what to deploy 
[debug] [2024-12-28T09:37:11.849Z] Could not find functions.yaml. Must use http discovery
[debug] [2024-12-28T09:37:11.852Z] Found firebase-functions binary at '/Users/nelson/projects/sphere/jup-swap-solana-pay-qr-example/functions/node_modules/.bin/firebase-functions'
[info] Serving at port 8852

[debug] [2024-12-28T09:37:12.115Z] Got response from /__/functions.yaml {"endpoints":{"pay":{"availableMemoryMb":null,"timeoutSeconds":null,"minInstances":null,"maxInstances":null,"ingressSettings":null,"concurrency":null,"serviceAccountEmail":null,"vpc":null,"platform":"gcfv2","labels":{},"httpsTrigger":{},"entryPoint":"pay"},"qr":{"availableMemoryMb":null,"timeoutSeconds":null,"minInstances":null,"maxInstances":null,"ingressSettings":null,"concurrency":null,"serviceAccountEmail":null,"vpc":null,"platform":"gcfv2","labels":{},"httpsTrigger":{},"entryPoint":"qr"}},"specVersion":"v1alpha1","requiredAPIs":[],"extensions":{}}
[info] i  extensions: ensuring required API firebaseextensions.googleapis.com is enabled... 
[debug] [2024-12-28T09:37:16.149Z] Checked if tokens are valid: true, expires at: 1735381557256
[debug] [2024-12-28T09:37:16.149Z] Checked if tokens are valid: true, expires at: 1735381557256
[debug] [2024-12-28T09:37:16.150Z] >>> [apiv2][query] GET https://serviceusage.googleapis.com/v1/projects/sphere-labs-production/services/firebaseextensions.googleapis.com [none]
[debug] [2024-12-28T09:37:16.150Z] >>> [apiv2][(partial)header] GET https://serviceusage.googleapis.com/v1/projects/sphere-labs-production/services/firebaseextensions.googleapis.com x-goog-quota-user=projects/sphere-labs-production
[debug] [2024-12-28T09:37:16.944Z] <<< [apiv2][status] GET https://serviceusage.googleapis.com/v1/projects/sphere-labs-production/services/firebaseextensions.googleapis.com 200
[debug] [2024-12-28T09:37:16.945Z] <<< [apiv2][body] GET https://serviceusage.googleapis.com/v1/projects/sphere-labs-production/services/firebaseextensions.googleapis.com [omitted]
[info] ✔  extensions: required API firebaseextensions.googleapis.com is enabled 
[debug] [2024-12-28T09:37:16.946Z] > command requires scopes: ["email","openid","https://www.googleapis.com/auth/cloudplatformprojects.readonly","https://www.googleapis.com/auth/firebase","https://www.googleapis.com/auth/cloud-platform"]
[debug] [2024-12-28T09:37:16.947Z] > authorizing via signed-in user (nelson@spherepay.co)
[debug] [2024-12-28T09:37:16.948Z] [iam] checking project sphere-labs-production for permissions ["firebase.projects.get","firebaseextensions.instances.list"]
[debug] [2024-12-28T09:37:16.948Z] Checked if tokens are valid: true, expires at: 1735381557256
[debug] [2024-12-28T09:37:16.948Z] Checked if tokens are valid: true, expires at: 1735381557256
[debug] [2024-12-28T09:37:16.948Z] >>> [apiv2][query] POST https://cloudresourcemanager.googleapis.com/v1/projects/sphere-labs-production:testIamPermissions [none]
[debug] [2024-12-28T09:37:16.949Z] >>> [apiv2][(partial)header] POST https://cloudresourcemanager.googleapis.com/v1/projects/sphere-labs-production:testIamPermissions x-goog-quota-user=projects/sphere-labs-production
[debug] [2024-12-28T09:37:16.949Z] >>> [apiv2][body] POST https://cloudresourcemanager.googleapis.com/v1/projects/sphere-labs-production:testIamPermissions {"permissions":["firebase.projects.get","firebaseextensions.instances.list"]}
[debug] [2024-12-28T09:37:17.548Z] <<< [apiv2][status] POST https://cloudresourcemanager.googleapis.com/v1/projects/sphere-labs-production:testIamPermissions 200
[debug] [2024-12-28T09:37:17.548Z] <<< [apiv2][body] POST https://cloudresourcemanager.googleapis.com/v1/projects/sphere-labs-production:testIamPermissions {"permissions":["firebase.projects.get","firebaseextensions.instances.list"]}
[debug] [2024-12-28T09:37:17.549Z] Checked if tokens are valid: true, expires at: 1735381557256
[debug] [2024-12-28T09:37:17.549Z] Checked if tokens are valid: true, expires at: 1735381557256
[debug] [2024-12-28T09:37:17.551Z] >>> [apiv2][query] GET https://firebaseextensions.googleapis.com/v1beta/projects/sphere-labs-production/instances pageSize=100&pageToken=
[debug] [2024-12-28T09:37:18.269Z] <<< [apiv2][status] GET https://firebaseextensions.googleapis.com/v1beta/projects/sphere-labs-production/instances 200
[debug] [2024-12-28T09:37:18.270Z] <<< [apiv2][body] GET https://firebaseextensions.googleapis.com/v1beta/projects/sphere-labs-production/instances {}
[info] i  functions: preparing functions directory for uploading... 
[info] i  functions: packaged /Users/nelson/projects/sphere/jup-swap-solana-pay-qr-example/functions (103.13 KB) for uploading 
[debug] [2024-12-28T09:37:18.328Z] Checked if tokens are valid: true, expires at: 1735381557256
[debug] [2024-12-28T09:37:18.328Z] Checked if tokens are valid: true, expires at: 1735381557256
[debug] [2024-12-28T09:37:18.328Z] >>> [apiv2][query] GET https://cloudfunctions.googleapis.com/v1/projects/sphere-labs-production/locations/-/functions [none]
[debug] [2024-12-28T09:37:18.898Z] <<< [apiv2][status] GET https://cloudfunctions.googleapis.com/v1/projects/sphere-labs-production/locations/-/functions 200
[debug] [2024-12-28T09:37:18.899Z] <<< [apiv2][body] GET https://cloudfunctions.googleapis.com/v1/projects/sphere-labs-production/locations/-/functions {}
[debug] [2024-12-28T09:37:18.901Z] Checked if tokens are valid: true, expires at: 1735381557256
[debug] [2024-12-28T09:37:18.901Z] Checked if tokens are valid: true, expires at: 1735381557256
[debug] [2024-12-28T09:37:18.903Z] >>> [apiv2][query] GET https://cloudfunctions.googleapis.com/v2/projects/sphere-labs-production/locations/-/functions filter=environment%3D%22GEN_2%22
